[2024-07-16 11:07:44] [INFO] ipc key generated: 322794835661056 
[2024-07-16 11:07:44] [INFO] starting promptorium configuration
[2024-07-16 11:07:44] [INFO] promptorium configuration loaded
[2024-07-16 11:10:17] [INFO] ipc key generated: 404912863668561 
[2024-07-16 11:10:17] [INFO] starting promptorium configuration
[2024-07-16 11:10:18] [INFO] promptorium configuration loaded
[2024-07-16 11:12:59] [INFO] ipc key generated: 186412466733056 
[2024-07-16 11:12:59] [INFO] starting promptorium configuration
[2024-07-16 11:12:59] [INFO] promptorium configuration loaded
[2024-07-16 11:13:11] [INFO] ipc key generated: 726244064334961 
[2024-07-16 11:13:11] [INFO] starting promptorium configuration
[2024-07-16 11:13:11] [INFO] promptorium configuration loaded
[2024-07-16 11:13:31] [INFO] ipc key generated: 671398271537361 
[2024-07-16 11:13:31] [INFO] starting promptorium configuration
[2024-07-16 11:13:31] [INFO] promptorium configuration loaded
[2024-07-16 11:16:50] [INFO] removing shared memory segment for promptorium configuration 671398271537361
[2024-07-16 11:16:50] [INFO] removing shared memory segment for promptorium configuration 186412466733056
[2024-07-16 11:17:03] [INFO] ipc key generated: 132224264252161 
[2024-07-16 11:17:03] [INFO] starting promptorium configuration
[2024-07-16 11:17:03] [INFO] promptorium configuration loaded
[2024-07-16 11:17:44] [INFO] removing shared memory segment for promptorium configuration 132224264252161
[2024-07-16 11:32:43] [INFO] ipc key generated: 206238658560000 
[2024-07-16 11:32:43] [INFO] starting promptorium configuration
[2024-07-16 11:32:43] [INFO] promptorium configuration loaded
[2024-07-16 11:33:21] [INFO] ipc key generated: 102884316550625 
[2024-07-16 11:33:21] [INFO] starting promptorium configuration
[2024-07-16 11:33:21] [INFO] promptorium configuration loaded
[2024-07-16 11:33:59] [INFO] removing shared memory segment for promptorium configuration 102884316550625
[2024-07-16 11:34:01] [INFO] removing shared memory segment for promptorium configuration 322794835661056
[2024-07-16 11:35:18] [INFO] ipc key generated: 380486055550625 
[2024-07-16 11:35:18] [INFO] starting promptorium configuration
[2024-07-16 11:35:18] [INFO] promptorium configuration loaded
[2024-07-16 11:35:23] [INFO] ipc key generated: 13448539200625 
[2024-07-16 11:35:23] [INFO] starting promptorium configuration
[2024-07-16 11:35:23] [INFO] promptorium configuration loaded
[2024-07-16 11:35:30] [INFO] ipc key generated: 710638629665296 
[2024-07-16 11:35:30] [INFO] starting promptorium configuration
[2024-07-16 11:35:30] [INFO] promptorium configuration loaded
[2024-07-16 11:42:25] [INFO] ipc key generated: 38194822598416 
[2024-07-16 11:42:25] [INFO] starting promptorium configuration
[2024-07-16 11:42:26] [INFO] promptorium configuration loaded
[2024-07-16 11:44:18] [INFO] ipc key generated: 379554683500625 
[2024-07-16 11:44:18] [INFO] starting promptorium configuration
[2024-07-16 11:44:18] [INFO] promptorium configuration loaded
[2024-07-16 11:47:43] [INFO] ipc key generated: 362527599820816 
[2024-07-16 11:47:43] [INFO] starting promptorium configuration
[2024-07-16 11:47:44] [INFO] promptorium configuration loaded
[2024-07-16 11:48:22] [INFO] ipc key generated: 620501274810896 
[2024-07-16 11:48:22] [INFO] starting promptorium configuration
[2024-07-16 11:48:22] [INFO] promptorium configuration loaded
[2024-07-16 11:48:28] [INFO] ipc key generated: 569752374972081 
[2024-07-16 11:48:28] [INFO] starting promptorium configuration
[2024-07-16 11:48:28] [INFO] promptorium configuration loaded
[2024-07-16 11:49:11] [INFO] removing shared memory segment for promptorium configuration 569752374972081
[2024-07-16 11:49:28] [INFO] ipc key generated: 60517454745856 
[2024-07-16 11:49:28] [INFO] starting promptorium configuration
[2024-07-16 11:49:28] [INFO] promptorium configuration loaded
[2024-07-16 11:49:44] [INFO] ipc key generated: 496641600000000 
[2024-07-16 11:49:44] [INFO] starting promptorium configuration
[2024-07-16 11:49:44] [INFO] promptorium configuration loaded
[2024-07-16 11:53:20] [INFO] ipc key generated: 986070658410000 
[2024-07-16 11:53:20] [INFO] starting promptorium configuration
[2024-07-16 11:53:20] [INFO] promptorium configuration loaded
[2024-07-16 11:53:34] [INFO] removing shared memory segment for promptorium configuration 986070658410000
[2024-07-16 11:55:12] [INFO] removing shared memory segment for promptorium configuration 380486055550625
[2024-07-16 12:43:38] [INFO] ipc key generated: 113441550888561 
[2024-07-16 12:43:38] [INFO] starting promptorium configuration
[2024-07-16 12:43:38] [INFO] promptorium configuration loaded
[2024-07-16 12:53:56] [INFO] ipc key generated: 220 
[2024-07-16 12:53:56] [INFO] starting promptorium configuration
[2024-07-16 12:53:56] [INFO] promptorium configuration loaded
[2024-07-16 12:56:13] [INFO] ipc key generated: 9225513216 
[2024-07-16 12:56:13] [INFO] starting promptorium configuration
[2024-07-16 12:56:13] [INFO] promptorium configuration loaded
[2024-07-16 13:03:09] [INFO] ipc key generated: 2253278001 
[2024-07-16 13:03:09] [INFO] starting promptorium configuration
[2024-07-16 13:03:09] [INFO] promptorium configuration loaded
[2024-07-16 14:11:30] [INFO] ipc key generated: 6686569601 
[2024-07-16 14:11:30] [INFO] starting promptorium configuration
[2024-07-16 14:11:30] [INFO] promptorium configuration loaded
[2024-07-16 14:12:00] [INFO] ipc key generated: 9565295376 
[2024-07-16 14:12:00] [INFO] starting promptorium configuration
[2024-07-16 14:12:00] [INFO] promptorium configuration loaded
[2024-07-16 14:13:55] [INFO] ipc key generated: 8441104656 
[2024-07-16 14:13:55] [INFO] starting promptorium configuration
[2024-07-16 14:13:55] [INFO] promptorium configuration loaded
[2024-07-16 14:15:34] [INFO] ipc key generated: 6506250000 
[2024-07-16 14:15:34] [INFO] starting promptorium configuration
[2024-07-16 14:15:34] [ERROR] promptorium configuration failed
[2024-07-16 14:17:50] [INFO] ipc key generated: 7818050625 
[2024-07-16 14:17:50] [INFO] starting promptorium configuration
[2024-07-16 14:17:50] [ERROR] promptorium configuration failed
[2024-07-16 14:25:47] [INFO] removing shared memory segment for promptorium configuration 6506250000
[2024-07-16 14:26:38] [INFO] removing shared memory segment for promptorium configuration 7818050625
[2024-07-16 14:26:44] [INFO] removing shared memory segment for promptorium configuration 220
[2024-07-16 17:13:33] [INFO] ipc key generated: 6356635601 
[2024-07-16 17:13:33] [INFO] starting promptorium configuration
[2024-07-16 17:13:33] [INFO] promptorium configuration loaded
